<?xml version="1.0" encoding="UTF-8"?>
<testsuite xmlns:xsi="http://www.w3.org/2001/XMLSchema-instance" xsi:noNamespaceSchemaLocation="https://maven.apache.org/surefire/maven-surefire-plugin/xsd/surefire-test-report-3.0.xsd" version="3.0" name="com.example.Losidiomas.LosidiomasApplicationTests" time="33.585" tests="1" errors="0" skipped="0" failures="0">
  <properties>
[...]
</properties>
  <testcase name="contextLoads" classname="com.example.Losidiomas.LosidiomasApplicationTests" time="1.495">
    <system-out><![CDATA[02:26:27.199 [main] INFO org.springframework.test.context.support.AnnotationConfigContextLoaderUtils -- Could not detect default configuration classes for test class [com.example.Losidiomas.LosidiomasApplicationTests]: LosidiomasApplicationTests does not declare any static, non-private, non-final, nested classes annotated with @Configuration.
02:26:27.635 [main] INFO org.springframework.boot.test.context.SpringBootTestContextBootstrapper -- Found @SpringBootConfiguration com.example.Losidiomas.LosidiomasApplication for test class com.example.Losidiomas.LosidiomasApplicationTests
02:26:28.289 [main] INFO org.springframework.boot.devtools.restart.RestartApplicationListener -- Restart disabled due to context in which it is running

  .   ____          _            __ _ _
 /\\ / ___'_ __ _ _(_)_ __  __ _ \ \ \ \
( ( )\___ | '_ | '_| | '_ \/ _` | \ \ \ \
 \\/  ___)| |_)| | | | | || (_| |  ) ) ) )
  '  |____| .__|_| |_|_| |_\__, | / / / /
 =========|_|==============|___/=/_/_/_/
 :: Spring Boot ::                (v3.2.5)

2024-06-17T02:26:29.509-06:00  INFO 18960 --- [           main] c.e.L.LosidiomasApplicationTests         : Starting LosidiomasApplicationTests using Java 22.0.1 with PID 18960 (started by rutem in C:\Users\rutem\Downloads\Losidiomas)
2024-06-17T02:26:29.513-06:00  INFO 18960 --- [           main] c.e.L.LosidiomasApplicationTests         : No active profile set, falling back to 1 default profile: "default"
2024-06-17T02:26:32.159-06:00  INFO 18960 --- [           main] .s.d.r.c.RepositoryConfigurationDelegate : Bootstrapping Spring Data JPA repositories in DEFAULT mode.
2024-06-17T02:26:32.393-06:00  INFO 18960 --- [           main] .s.d.r.c.RepositoryConfigurationDelegate : Finished Spring Data repository scanning in 202 ms. Found 3 JPA repository interfaces.
2024-06-17T02:26:34.230-06:00  INFO 18960 --- [           main] o.hibernate.jpa.internal.util.LogHelper  : HHH000204: Processing PersistenceUnitInfo [name: default]
2024-06-17T02:26:34.474-06:00  INFO 18960 --- [           main] org.hibernate.Version                    : HHH000412: Hibernate ORM core version 6.4.4.Final
2024-06-17T02:26:34.597-06:00  INFO 18960 --- [           main] o.h.c.internal.RegionFactoryInitiator    : HHH000026: Second-level cache disabled
2024-06-17T02:26:35.521-06:00  INFO 18960 --- [           main] o.s.o.j.p.SpringPersistenceUnitInfo      : No LoadTimeWeaver setup: ignoring JPA class transformer
2024-06-17T02:26:35.627-06:00  INFO 18960 --- [           main] com.zaxxer.hikari.HikariDataSource       : HikariPool-1 - Starting...
2024-06-17T02:26:43.530-06:00  INFO 18960 --- [           main] com.zaxxer.hikari.pool.HikariPool        : HikariPool-1 - Added connection org.postgresql.jdbc.PgConnection@b1d19ff
2024-06-17T02:26:43.538-06:00  INFO 18960 --- [           main] com.zaxxer.hikari.HikariDataSource       : HikariPool-1 - Start completed.
2024-06-17T02:26:48.637-06:00  INFO 18960 --- [           main] o.h.e.t.j.p.i.JtaPlatformInitiator       : HHH000489: No JTA platform available (set 'hibernate.transaction.jta.platform' to enable JTA platform integration)
Hibernate: create table alumnoregistro (id serial not null, dependencia varchar(255), fecha timestamp(6), grupo varchar(255), nombre varchar(255), nusuario varchar(255), semestre integer not null, tipoalumno varchar(255), tipousuario integer not null, valida varchar(255), primary key (id))
Hibernate: create table bitacora (id serial not null, fecha date, hora_entrada time(6), hora_salida time(6), matricula varchar(255), total_horas integer, primary key (id))
Hibernate: create table usuario (idusuario integer not null, contra varchar(255), fecha timestamp(6), usuariouv varchar(255), primary key (idusuario))
2024-06-17T02:26:55.143-06:00  INFO 18960 --- [           main] j.LocalContainerEntityManagerFactoryBean : Initialized JPA EntityManagerFactory for persistence unit 'default'
2024-06-17T02:26:56.939-06:00  WARN 18960 --- [           main] JpaBaseConfiguration$JpaWebConfiguration : spring.jpa.open-in-view is enabled by default. Therefore, database queries may be performed during view rendering. Explicitly configure spring.jpa.open-in-view to disable this warning
2024-06-17T02:26:58.598-06:00  INFO 18960 --- [           main] c.e.L.LosidiomasApplicationTests         : Started LosidiomasApplicationTests in 30.362 seconds (process running for 33.621)
]]></system-out>
    <system-err><![CDATA[WARNING: A Java agent has been loaded dynamically (C:\Users\rutem\.m2\repository\net\bytebuddy\byte-buddy-agent\1.14.13\byte-buddy-agent-1.14.13.jar)
WARNING: If a serviceability tool is in use, please run with -XX:+EnableDynamicAgentLoading to hide this warning
WARNING: If a serviceability tool is not in use, please run with -Djdk.instrument.traceUsage for more information
WARNING: Dynamic loading of agents will be disallowed by default in a future release
]]></system-err>
  </testcase>
</testsuite>